[debug] ----------------------------------------------------------------------
[debug] Command:      /Users/vincevahala/.nvm/versions/node/v6.2.2/bin/node /Users/vincevahala/.nvm/versions/node/v6.2.2/bin/firebase deploy
[debug] CLI Version:  3.1.0
[debug] Platform:     darwin
[debug] Node Version: v6.2.2
[debug] Time:         Thu Apr 20 2017 23:05:31 GMT-0600 (MDT)
[debug] ----------------------------------------------------------------------
[debug] 
[debug] > command requires scopes: ["email","openid","https://www.googleapis.com/auth/cloudplatformprojects.readonly","https://www.googleapis.com/auth/firebase"]
[debug] >>> HTTP REQUEST GET https://admin.firebase.com/v1/projects/podcastspoilers-dd5b5 
[debug] <<< HTTP RESPONSE 200
[debug] >>> HTTP REQUEST GET https://admin.firebase.com/v1/database/podcastspoilers-dd5b5/tokens 
[debug] <<< HTTP RESPONSE 200
[info] 
[info] === Deploying to 'podcastspoilers-dd5b5'...
[info] 
[info] i  deploying database, hosting
[info] ✔  database: rules ready to deploy.
[info] i  hosting: preparing frontend directory for upload...
[debug] >>> HTTP REQUEST PUT https://deploy.firebase.com/v1/hosting/podcastspoilers-dd5b5/uploads/-KiDtecBN45lL44fYkmE?fileCount=92&message= 
